
-------- SESSION 2021-06-19T10:51:02.630Z (10.1.2+202004142327, linux, x64, 16175374336, XMind Ltd., vana_linux_64) --------
[I 2021-06-19T10:51:02.760Z main:store:plugins:iap] The user is not allowed to make in-app purchase.
[I 2021-06-19T10:51:03.249Z main:store:plugins:electron] Application will finish launching.
[I 2021-06-19T10:51:03.272Z main:store:plugins:electron] Application arguments: ["/usr/lib/electron5/electron","/usr/share/XMind2020/app.asar"]
[I 2021-06-19T10:51:03.278Z main:store:plugins:electron] Application is ready.
[I 2021-06-19T10:51:03.299Z main:store:plugins:open-handler] Recover: Map {}
[I 2021-06-19T10:51:03.303Z main:store:plugins:activation-updater] Start updating subscription information periodically.
[I 2021-06-19T10:51:03.303Z main:store:plugins:activation-updater] Schedule refresh timeout(60000).
[I 2021-06-19T10:51:03.303Z main:store:plugins:activation-updater] Start updating per-machine license information periodically.
[I 2021-06-19T10:51:03.303Z main:store:plugins:activation-updater] Schedule refresh timeout(60000).
[I 2021-06-19T10:51:03.439Z main:store:plugins:electron] Device ID: db6da399-8cbe-4aea-a26b-7330fd66f230
[I 2021-06-19T10:51:17.972Z snowbrush] Export image time: from 1624099877972 to 1624099877972.
[I 2021-06-19T10:51:19.930Z promotion] Event id: jun-2021-big-sale-cn
[I 2021-06-19T10:52:03.304Z main:store:plugins:activation-updater] Schedule refresh timeout(null).
[I 2021-06-19T10:52:03.305Z main:store:plugins:activation-updater] Schedule refresh timeout(null).
[I 2021-06-19T10:56:17.970Z snowbrush] Export image time: from 1624100177970 to 1624100177970.
[I 2021-06-19T11:01:18.448Z snowbrush] Export image time: from 1624100478448 to 1624100478448.
[I 2021-06-19T11:06:18.449Z snowbrush] Export image time: from 1624100778449 to 1624100778449.
[I 2021-06-19T11:11:25.577Z snowbrush] Export image time: from 1624101085577 to 1624101085577.
[I 2021-06-19T11:14:20.909Z snowbrush] Export image time: from 1624101260909 to 1624101260909.
[I 2021-06-19T11:19:20.910Z snowbrush] Export image time: from 1624101560910 to 1624101560910.
[I 2021-06-19T11:25:49.352Z snowbrush] Export image time: from 1624101949352 to 1624101949352.
[I 2021-06-19T11:32:13.662Z snowbrush] Export image time: from 1624102333662 to 1624102333662.
[I 2021-06-19T11:37:17.753Z snowbrush] Export image time: from 1624102637753 to 1624102637753.
[I 2021-06-19T11:42:17.753Z snowbrush] Export image time: from 1624102937753 to 1624102937753.
[I 2021-06-19T11:47:19.037Z snowbrush] Export image time: from 1624103239037 to 1624103239037.
[I 2021-06-19T11:52:03.346Z main:store:plugins:activation-updater] Schedule refresh timeout(null).
[I 2021-06-19T11:52:03.347Z main:store:plugins:activation-updater] Schedule refresh timeout(null).
[I 2021-06-19T12:52:03.382Z main:store:plugins:activation-updater] Schedule refresh timeout(null).
[I 2021-06-19T12:52:03.383Z main:store:plugins:activation-updater] Schedule refresh timeout(null).
[I 2021-06-19T13:52:03.443Z main:store:plugins:activation-updater] Schedule refresh timeout(null).
[I 2021-06-19T13:52:03.444Z main:store:plugins:activation-updater] Schedule refresh timeout(null).
[I 2021-06-19T14:08:37.472Z snowbrush] Export image time: from 1624111717472 to 1624111717472.
[I 2021-06-19T14:10:59.313Z snowbrush] Export image time: from 1624111859313 to 1624111859313.
[I 2021-06-19T14:11:01.178Z main:store:plugins:editors:EditorFrame] Frame 1 close
[I 2021-06-19T14:11:01.190Z main:store:plugins:editors:EditorFrame] Not find editor view: undefined file:///usr/share/XMind2020/app.asar/renderer/editor-frame.html?frameId=1&_apr=default
[I 2021-06-19T14:11:01.288Z main:store:plugins:editors:EditorFrame] Frame 1 close
[I 2021-06-19T14:11:01.333Z main:store:plugins:electron] Application is intended to quit.
[I 2021-06-19T14:11:01.333Z main:store:plugins:electron] Asking all editors to close their documents...
[I 2021-06-19T14:11:01.370Z main:store:plugins:editors:EditorFrame] Frame 1 webContents destroyed
[I 2021-06-19T14:11:01.392Z main:store:plugins:electron] All documents are closed.
[I 2021-06-19T14:11:01.392Z main:store:plugins:activation-updater] Stop updating per-machine license information periodically.
[I 2021-06-19T14:11:01.393Z main:store:plugins:activation-updater] Stop updating subscription information periodically.
[I 2021-06-19T14:11:01.400Z main:store:plugins:electron] Application is intended to quit.
[I 2021-06-19T14:11:01.401Z main:store:plugins:electron] Application will quit.
[I 2021-06-19T14:11:01.401Z main:store:plugins:electron] Application quitted.
